<?xml version="1.0" encoding="UTF-8"?>
<!-- Generated by org.testng.reporters.JUnitReportReporter -->
<testsuite skipped="0" hostname="Ritas-Air-2018" name="com.automation.familiar.TestCase_Title" tests="1" failures="0" timestamp="20 May 2020 19:52:43 GMT" time="91.304" errors="0">
  <testcase name="loginTestcase" time="91.304" classname="com.automation.familiar.TestCase_Title"/>
</testsuite> <!-- com.automation.familiar.TestCase_Title -->
