<?xml version="1.0" encoding="UTF-8"?>
<!-- Generated by org.testng.reporters.JUnitReportReporter -->
<testsuite skipped="0" hostname="Ritas-Air-2018" name="com.automation.familiar.HomePageLoad" tests="1" failures="0" timestamp="23 May 2020 09:53:48 GMT" time="74.550" errors="0">
  <testcase name="homePageLoad" time="74.550" classname="com.automation.familiar.HomePageLoad"/>
</testsuite> <!-- com.automation.familiar.HomePageLoad -->
