<?xml version="1.0" encoding="UTF-8"?>
<!-- Generated by org.testng.reporters.JUnitReportReporter -->
<testsuite skipped="0" hostname="Ritas-Air-2018" name="com.automation.familiar.TestCase_Title" tests="1" failures="0" timestamp="23 May 2020 05:22:32 GMT" time="60.438" errors="0">
  <testcase name="loginTestcase" time="60.438" classname="com.automation.familiar.TestCase_Title"/>
</testsuite> <!-- com.automation.familiar.TestCase_Title -->
